This file contains any messages produced by compilers while
running configure, to aid debugging if configure makes a mistake.

It was created by libtheora configure 1.2.0alpha1, which was
generated by GNU Autoconf 2.63.  Invocation command line was

  $ ./configure --build=x86_64-w64-mingw32 --disable-shared --disable-examples --disable-asm --disable-encode

## --------- ##
## Platform. ##
## --------- ##

hostname = tide-vmwarevirtualplatform
uname -m = x86_64
uname -r = 5.15.0-67-generic
uname -s = Linux
uname -v = #74-Ubuntu SMP Wed Feb 22 14:14:39 UTC 2023

/usr/bin/uname -p = x86_64
/bin/uname -X     = unknown

/bin/arch              = x86_64
/usr/bin/arch -k       = unknown
/usr/convex/getsysinfo = unknown
/usr/bin/hostinfo      = unknown
/bin/machine           = unknown
/usr/bin/oslevel       = unknown
/bin/universe          = unknown

PATH: /usr/local/sbin
PATH: /usr/local/bin
PATH: /usr/sbin
PATH: /usr/bin
PATH: /sbin
PATH: /bin
PATH: /usr/games
PATH: /usr/local/games
PATH: /snap/bin


## ----------- ##
## Core tests. ##
## ----------- ##

configure:2203: checking build system type
configure:2221: result: x86_64-w64-mingw32
configure:2243: checking host system type
configure:2258: result: x86_64-w64-mingw32
configure:2280: checking target system type
configure:2295: result: x86_64-w64-mingw32
configure:2343: checking for a BSD-compatible install
configure:2411: result: /usr/bin/install -c
configure:2422: checking whether build environment is sane
configure:2482: result: yes
configure:2623: checking for a thread-safe mkdir -p
configure:2662: result: /usr/bin/mkdir -p
configure:2675: checking for gawk
configure:2705: result: no
configure:2675: checking for mawk
configure:2691: found /usr/bin/mawk
configure:2702: result: mawk
configure:2713: checking whether make sets $(MAKE)
configure:2735: result: yes
configure:2870: checking for style of include used by make
configure:2898: result: GNU
configure:2968: checking for gcc
configure:2984: found /usr/bin/gcc
configure:2995: result: gcc
configure:3227: checking for C compiler version
configure:3235: gcc --version >&5
gcc (Ubuntu 11.3.0-1ubuntu1~22.04) 11.3.0
Copyright (C) 2021 Free Software Foundation, Inc.
This is free software; see the source for copying conditions.  There is NO
warranty; not even for MERCHANTABILITY or FITNESS FOR A PARTICULAR PURPOSE.

configure:3239: $? = 0
configure:3246: gcc -v >&5
Using built-in specs.
COLLECT_GCC=gcc
COLLECT_LTO_WRAPPER=/usr/lib/gcc/x86_64-linux-gnu/11/lto-wrapper
OFFLOAD_TARGET_NAMES=nvptx-none:amdgcn-amdhsa
OFFLOAD_TARGET_DEFAULT=1
Target: x86_64-linux-gnu
Configured with: ../src/configure -v --with-pkgversion='Ubuntu 11.3.0-1ubuntu1~22.04' --with-bugurl=file:///usr/share/doc/gcc-11/README.Bugs --enable-languages=c,ada,c++,go,brig,d,fortran,objc,obj-c++,m2 --prefix=/usr --with-gcc-major-version-only --program-suffix=-11 --program-prefix=x86_64-linux-gnu- --enable-shared --enable-linker-build-id --libexecdir=/usr/lib --without-included-gettext --enable-threads=posix --libdir=/usr/lib --enable-nls --enable-bootstrap --enable-clocale=gnu --enable-libstdcxx-debug --enable-libstdcxx-time=yes --with-default-libstdcxx-abi=new --enable-gnu-unique-object --disable-vtable-verify --enable-plugin --enable-default-pie --with-system-zlib --enable-libphobos-checking=release --with-target-system-zlib=auto --enable-objc-gc=auto --enable-multiarch --disable-werror --enable-cet --with-arch-32=i686 --with-abi=m64 --with-multilib-list=m32,m64,mx32 --enable-multilib --with-tune=generic --enable-offload-targets=nvptx-none=/build/gcc-11-xKiWfi/gcc-11-11.3.0/debian/tmp-nvptx/usr,amdgcn-amdhsa=/build/gcc-11-xKiWfi/gcc-11-11.3.0/debian/tmp-gcn/usr --without-cuda-driver --enable-checking=release --build=x86_64-linux-gnu --host=x86_64-linux-gnu --target=x86_64-linux-gnu --with-build-config=bootstrap-lto-lean --enable-link-serialization=2
Thread model: posix
Supported LTO compression algorithms: zlib zstd
gcc version 11.3.0 (Ubuntu 11.3.0-1ubuntu1~22.04) 
configure:3250: $? = 0
configure:3257: gcc -V >&5
gcc: error: unrecognized command-line option '-V'
gcc: fatal error: no input files
compilation terminated.
configure:3261: $? = 1
configure:3284: checking for C compiler default output file name
configure:3306: gcc    conftest.c  >&5
configure:3310: $? = 0
configure:3348: result: a.out
configure:3367: checking whether the C compiler works
configure:3377: ./a.out
configure:3381: $? = 0
configure:3400: result: yes
configure:3407: checking whether we are cross compiling
configure:3409: result: no
configure:3412: checking for suffix of executables
configure:3419: gcc -o conftest    conftest.c  >&5
configure:3423: $? = 0
configure:3449: result: 
configure:3455: checking for suffix of object files
configure:3481: gcc -c   conftest.c >&5
configure:3485: $? = 0
configure:3510: result: o
configure:3514: checking whether we are using the GNU C compiler
configure:3543: gcc -c   conftest.c >&5
configure:3550: $? = 0
configure:3567: result: yes
configure:3576: checking whether gcc accepts -g
configure:3606: gcc -c -g  conftest.c >&5
configure:3613: $? = 0
configure:3714: result: yes
configure:3731: checking for gcc option to accept ISO C89
configure:3805: gcc  -c -g -O2  conftest.c >&5
configure:3812: $? = 0
configure:3835: result: none needed
configure:3855: checking dependency style of gcc
configure:3965: result: gcc3
configure:3989: checking dependency style of gcc
configure:4097: result: gcc3
configure:4162: checking for gcc
configure:4189: result: gcc
configure:4421: checking for C compiler version
configure:4429: gcc --version >&5
gcc (Ubuntu 11.3.0-1ubuntu1~22.04) 11.3.0
Copyright (C) 2021 Free Software Foundation, Inc.
This is free software; see the source for copying conditions.  There is NO
warranty; not even for MERCHANTABILITY or FITNESS FOR A PARTICULAR PURPOSE.

configure:4433: $? = 0
configure:4440: gcc -v >&5
Using built-in specs.
COLLECT_GCC=gcc
COLLECT_LTO_WRAPPER=/usr/lib/gcc/x86_64-linux-gnu/11/lto-wrapper
OFFLOAD_TARGET_NAMES=nvptx-none:amdgcn-amdhsa
OFFLOAD_TARGET_DEFAULT=1
Target: x86_64-linux-gnu
Configured with: ../src/configure -v --with-pkgversion='Ubuntu 11.3.0-1ubuntu1~22.04' --with-bugurl=file:///usr/share/doc/gcc-11/README.Bugs --enable-languages=c,ada,c++,go,brig,d,fortran,objc,obj-c++,m2 --prefix=/usr --with-gcc-major-version-only --program-suffix=-11 --program-prefix=x86_64-linux-gnu- --enable-shared --enable-linker-build-id --libexecdir=/usr/lib --without-included-gettext --enable-threads=posix --libdir=/usr/lib --enable-nls --enable-bootstrap --enable-clocale=gnu --enable-libstdcxx-debug --enable-libstdcxx-time=yes --with-default-libstdcxx-abi=new --enable-gnu-unique-object --disable-vtable-verify --enable-plugin --enable-default-pie --with-system-zlib --enable-libphobos-checking=release --with-target-system-zlib=auto --enable-objc-gc=auto --enable-multiarch --disable-werror --enable-cet --with-arch-32=i686 --with-abi=m64 --with-multilib-list=m32,m64,mx32 --enable-multilib --with-tune=generic --enable-offload-targets=nvptx-none=/build/gcc-11-xKiWfi/gcc-11-11.3.0/debian/tmp-nvptx/usr,amdgcn-amdhsa=/build/gcc-11-xKiWfi/gcc-11-11.3.0/debian/tmp-gcn/usr --without-cuda-driver --enable-checking=release --build=x86_64-linux-gnu --host=x86_64-linux-gnu --target=x86_64-linux-gnu --with-build-config=bootstrap-lto-lean --enable-link-serialization=2
Thread model: posix
Supported LTO compression algorithms: zlib zstd
gcc version 11.3.0 (Ubuntu 11.3.0-1ubuntu1~22.04) 
configure:4444: $? = 0
configure:4451: gcc -V >&5
gcc: error: unrecognized command-line option '-V'
gcc: fatal error: no input files
compilation terminated.
configure:4455: $? = 1
configure:4458: checking whether we are using the GNU C compiler
configure:4511: result: yes
configure:4520: checking whether gcc accepts -g
configure:4658: result: yes
configure:4675: checking for gcc option to accept ISO C89
configure:4779: result: none needed
configure:4799: checking dependency style of gcc
configure:4909: result: gcc3
configure:4929: checking how to run the C preprocessor
configure:4969: gcc -E  conftest.c
configure:4976: $? = 0
configure:5007: gcc -E  conftest.c
conftest.c:10:10: fatal error: ac_nonexistent.h: No such file or directory
   10 | #include <ac_nonexistent.h>
      |          ^~~~~~~~~~~~~~~~~~
compilation terminated.
configure:5014: $? = 1
configure: failed program was:
| /* confdefs.h.  */
| #define PACKAGE_NAME "libtheora"
| #define PACKAGE_TARNAME "libtheora"
| #define PACKAGE_VERSION "1.2.0alpha1"
| #define PACKAGE_STRING "libtheora 1.2.0alpha1"
| #define PACKAGE_BUGREPORT ""
| #define PACKAGE "libtheora"
| #define VERSION "1.2.0alpha1"
| /* end confdefs.h.  */
| #include <ac_nonexistent.h>
configure:5047: result: gcc -E
configure:5076: gcc -E  conftest.c
configure:5083: $? = 0
configure:5114: gcc -E  conftest.c
conftest.c:10:10: fatal error: ac_nonexistent.h: No such file or directory
   10 | #include <ac_nonexistent.h>
      |          ^~~~~~~~~~~~~~~~~~
compilation terminated.
configure:5121: $? = 1
configure: failed program was:
| /* confdefs.h.  */
| #define PACKAGE_NAME "libtheora"
| #define PACKAGE_TARNAME "libtheora"
| #define PACKAGE_VERSION "1.2.0alpha1"
| #define PACKAGE_STRING "libtheora 1.2.0alpha1"
| #define PACKAGE_BUGREPORT ""
| #define PACKAGE "libtheora"
| #define VERSION "1.2.0alpha1"
| /* end confdefs.h.  */
| #include <ac_nonexistent.h>
configure:5163: checking whether gcc and cc understand -c and -o together
configure:5198: gcc -c conftest.c -o conftest2.o >&5
configure:5202: $? = 0
configure:5208: gcc -c conftest.c -o conftest2.o >&5
configure:5212: $? = 0
configure:5223: cc -c conftest.c >&5
configure:5227: $? = 0
configure:5235: cc -c conftest.c -o conftest2.o >&5
configure:5239: $? = 0
configure:5245: cc -c conftest.c -o conftest2.o >&5
configure:5249: $? = 0
configure:5267: result: yes
configure:5341: checking for as
configure:5357: found /usr/bin/as
configure:5368: result: as
configure:5433: checking for dlltool
configure:5463: result: no
configure:5525: checking for objdump
configure:5541: found /usr/bin/objdump
configure:5552: result: objdump
configure:5622: checking for a sed that does not truncate output
configure:5688: result: /usr/bin/sed
configure:5706: checking for grep that handles long lines and -e
configure:5766: result: /usr/bin/grep
configure:5771: checking for egrep
configure:5835: result: /usr/bin/grep -E
configure:5840: checking for fgrep
configure:5904: result: /usr/bin/grep -F
configure:5939: checking for ld used by gcc
configure:6006: result: /usr/bin/ld
configure:6015: checking if the linker (/usr/bin/ld) is GNU ld
configure:6030: result: yes
configure:6042: checking for BSD- or MS-compatible name lister (nm)
configure:6091: result: /usr/bin/nm -B
configure:6209: checking the name lister (/usr/bin/nm -B) interface
configure:6216: gcc -c -g -O2  conftest.c >&5
configure:6219: /usr/bin/nm -B "conftest.o"
configure:6222: output
0000000000000000 B some_variable
configure:6229: result: BSD nm
configure:6232: checking whether ln -s works
configure:6236: result: yes
configure:6244: checking the maximum length of command line arguments
configure:6364: result: 8192
configure:6381: checking whether the shell understands some XSI constructs
configure:6391: result: yes
configure:6395: checking whether the shell understands "+="
configure:6401: result: yes
configure:6436: checking for /usr/bin/ld option to reload object files
configure:6443: result: -r
configure:6512: checking for objdump
configure:6539: result: objdump
configure:6568: checking how to recognize dependent libraries
configure:6764: result: file_magic ^x86 archive import|^x86 DLL
configure:6824: checking for ar
configure:6840: found /usr/bin/ar
configure:6851: result: ar
configure:6929: checking for strip
configure:6945: found /usr/bin/strip
configure:6956: result: strip
configure:7028: checking for ranlib
configure:7044: found /usr/bin/ranlib
configure:7055: result: ranlib
configure:7145: checking command to parse /usr/bin/nm -B output from gcc object
configure:7263: gcc -c -g -O2  conftest.c >&5
configure:7266: $? = 0
configure:7270: /usr/bin/nm -B conftest.o \| sed -n -e 's/^.*[	 ]\([ABCDGIRSTW][ABCDGIRSTW]*\)[	 ][	 ]*\([_A-Za-z][_A-Za-z0-9]*\)\{0,1\}$/\1 \2 \2/p' \> conftest.nm
configure:7273: $? = 0
configure:7327: gcc -o conftest -g -O2   conftest.c conftstm.o >&5
configure:7330: $? = 0
configure:7368: result: ok
configure:8231: checking for ANSI C header files
configure:8261: gcc -c -g -O2  conftest.c >&5
configure:8268: $? = 0
configure:8367: gcc -o conftest -g -O2   conftest.c  >&5
configure:8371: $? = 0
configure:8377: ./conftest
configure:8381: $? = 0
configure:8399: result: yes
configure:8423: checking for sys/types.h
configure:8444: gcc -c -g -O2  conftest.c >&5
configure:8451: $? = 0
configure:8468: result: yes
configure:8423: checking for sys/stat.h
configure:8444: gcc -c -g -O2  conftest.c >&5
configure:8451: $? = 0
configure:8468: result: yes
configure:8423: checking for stdlib.h
configure:8444: gcc -c -g -O2  conftest.c >&5
configure:8451: $? = 0
configure:8468: result: yes
configure:8423: checking for string.h
configure:8444: gcc -c -g -O2  conftest.c >&5
configure:8451: $? = 0
configure:8468: result: yes
configure:8423: checking for memory.h
configure:8444: gcc -c -g -O2  conftest.c >&5
configure:8451: $? = 0
configure:8468: result: yes
configure:8423: checking for strings.h
configure:8444: gcc -c -g -O2  conftest.c >&5
configure:8451: $? = 0
configure:8468: result: yes
configure:8423: checking for inttypes.h
configure:8444: gcc -c -g -O2  conftest.c >&5
configure:8451: $? = 0
configure:8468: result: yes
configure:8423: checking for stdint.h
configure:8444: gcc -c -g -O2  conftest.c >&5
configure:8451: $? = 0
configure:8468: result: yes
configure:8423: checking for unistd.h
configure:8444: gcc -c -g -O2  conftest.c >&5
configure:8451: $? = 0
configure:8468: result: yes
configure:8486: checking for dlfcn.h
configure:8507: gcc -c -g -O2  conftest.c >&5
configure:8514: $? = 0
configure:8531: result: yes
configure:8715: checking for objdir
configure:8730: result: .libs
configure:9022: checking if gcc supports -fno-rtti -fno-exceptions
configure:9040: gcc -c -g -O2  -fno-rtti -fno-exceptions conftest.c >&5
cc1: warning: command-line option '-fno-rtti' is valid for C++/D/ObjC++ but not for C
configure:9044: $? = 0
configure:9057: result: no
configure:9077: checking for gcc option to produce PIC
configure:9349: result: -DDLL_EXPORT -DPIC
configure:9361: checking if gcc PIC flag -DDLL_EXPORT -DPIC works
configure:9379: gcc -c -g -O2  -DDLL_EXPORT -DPIC -DPIC conftest.c >&5
configure:9383: $? = 0
configure:9396: result: yes
configure:9420: checking if gcc static flag -static works
configure:9448: result: yes
configure:9463: checking if gcc supports -c -o file.o
configure:9484: gcc -c -g -O2  -o out/conftest2.o conftest.c >&5
configure:9488: $? = 0
configure:9510: result: yes
configure:9518: checking if gcc supports -c -o file.o
configure:9565: result: yes
configure:9598: checking whether the gcc linker (/usr/bin/ld) supports shared libraries
configure:10672: result: yes
configure:10911: checking dynamic linker characteristics
configure:11597: result: Win32 ld.exe
configure:11699: checking how to hardcode library paths into programs
configure:11724: result: immediate
configure:12557: checking whether stripping libraries is possible
configure:12562: result: yes
configure:12597: checking if libtool supports shared libraries
configure:12599: result: yes
configure:12602: checking whether to build shared libraries
configure:12623: result: no
configure:12626: checking whether to build static libraries
configure:12630: result: yes
configure:12680: checking for doxygen
configure:12708: result: false
configure:12734: WARNING: *** doxygen not found, API documentation will not be built
configure:12756: checking for pdflatex
configure:12786: result: no
configure:12793: checking for bibtex
configure:12823: result: no
configure:12830: checking for fig2dev
configure:12860: result: no
configure:12911: WARNING: *** Format Specification will not built.
configure:13452: checking for ld used by gcc
configure:13519: result: /usr/bin/ld
configure:13528: checking if the linker (/usr/bin/ld) is GNU ld
configure:13543: result: yes
configure:13553: checking how to control symbol export
configure:13567: result: -export-symbols
configure:13613: checking for pkg-config
configure:13629: found /usr/bin/pkg-config
configure:13640: result: yes
configure:13699: checking for pkg-config
configure:13717: found /usr/bin/pkg-config
configure:13729: result: /usr/bin/pkg-config
configure:13754: checking pkg-config is at least version 0.9.0
configure:13757: result: yes
configure:13768: checking for OGG
configure:13776: $PKG_CONFIG --exists --print-errors "ogg >= 1.1"
configure:13779: $? = 0
configure:13794: $PKG_CONFIG --exists --print-errors "ogg >= 1.1"
configure:13797: $? = 0
configure:13833: result: yes
configure:14194: checking for VORBIS
configure:14202: $PKG_CONFIG --exists --print-errors "vorbis >= 1.0.1"
configure:14205: $? = 0
configure:14220: $PKG_CONFIG --exists --print-errors "vorbis >= 1.0.1"
configure:14223: $? = 0
configure:14259: result: yes
configure:14502: checking for SDL
configure:14510: $PKG_CONFIG --exists --print-errors "sdl"
Package sdl was not found in the pkg-config search path.
Perhaps you should add the directory containing `sdl.pc'
to the PKG_CONFIG_PATH environment variable
No package 'sdl' found
configure:14513: $? = 1
configure:14528: $PKG_CONFIG --exists --print-errors "sdl"
Package sdl was not found in the pkg-config search path.
Perhaps you should add the directory containing `sdl.pc'
to the PKG_CONFIG_PATH environment variable
No package 'sdl' found
configure:14531: $? = 1
No package 'sdl' found
configure:14559: result: no
configure:14563: WARNING: *** Unable to find SDL -- Not compiling example players ***
configure:14598: checking sys/soundcard.h usability
configure:14615: gcc -c -Wall -Wno-parentheses -O3 -fforce-addr -fomit-frame-pointer -finline-functions -funroll-loops -g -O2  conftest.c >&5
configure:14622: $? = 0
configure:14636: result: yes
configure:14640: checking sys/soundcard.h presence
configure:14655: gcc -E  conftest.c
configure:14662: $? = 0
configure:14676: result: yes
configure:14704: checking for sys/soundcard.h
configure:14713: result: yes
configure:14749: checking for PNG
configure:14757: $PKG_CONFIG --exists --print-errors "libpng"
Package libpng was not found in the pkg-config search path.
Perhaps you should add the directory containing `libpng.pc'
to the PKG_CONFIG_PATH environment variable
No package 'libpng' found
configure:14760: $? = 1
configure:14775: $PKG_CONFIG --exists --print-errors "libpng"
Package libpng was not found in the pkg-config search path.
Perhaps you should add the directory containing `libpng.pc'
to the PKG_CONFIG_PATH environment variable
No package 'libpng' found
configure:14778: $? = 1
No package 'libpng' found
configure:14806: result: no
configure:15002: checking for library containing ftime
configure:15043: gcc -o conftest -Wall -Wno-parentheses -O3 -fforce-addr -fomit-frame-pointer -finline-functions -funroll-loops -g -O2   conftest.c  >&5
configure:15050: $? = 0
configure:15081: result: none required
configure:15090: checking for getopt_long
configure:15146: gcc -o conftest -Wall -Wno-parentheses -O3 -fforce-addr -fomit-frame-pointer -finline-functions -funroll-loops -g -O2   conftest.c  >&5
configure:15153: $? = 0
configure:15173: result: yes
configure:15390: creating ./config.status

## ---------------------- ##
## Running config.status. ##
## ---------------------- ##

This file was extended by libtheora config.status 1.2.0alpha1, which was
generated by GNU Autoconf 2.63.  Invocation command line was

  CONFIG_FILES    = 
  CONFIG_HEADERS  = 
  CONFIG_LINKS    = 
  CONFIG_COMMANDS = 
  $ ./config.status 

on tide-vmwarevirtualplatform

config.status:1094: creating Makefile
config.status:1094: creating lib/Makefile
config.status:1094: creating lib/arm/armopts.s
config.status:1094: creating include/Makefile
config.status:1094: creating include/theora/Makefile
config.status:1094: creating examples/Makefile
config.status:1094: creating doc/Makefile
config.status:1094: creating doc/Doxyfile
config.status:1094: creating doc/spec/Makefile
config.status:1094: creating tests/Makefile
config.status:1094: creating m4/Makefile
config.status:1094: creating libtheora.spec
config.status:1094: creating theora.pc
config.status:1094: creating theora-uninstalled.pc
config.status:1094: creating theoradec.pc
config.status:1094: creating theoradec-uninstalled.pc
config.status:1094: creating theoraenc.pc
config.status:1094: creating theoraenc-uninstalled.pc
config.status:1094: creating config.h
config.status:1368: executing depfiles commands
config.status:1368: executing libtool commands
configure:17796: result:
------------------------------------------------------------------------
  libtheora 1.2.0alpha1:  Automatic configuration OK.

  General configuration:

    Encoding support: ........... no
    Floating point support: ..... yes
    Assembly optimization: ...... disabled
    Debugging telemetry: ........ no
    Build example code: ......... no
    API Documentation: .......... no
    Format Documentation: ....... no

  Installation paths:

    libtheora: ................... /usr/local/lib
    C header files: .............. /usr/local/include/theora
    Documentation: ............... /usr/local/share/doc/libtheora

  Building:

    Type 'make' to compile libtheora.

    Type 'make install' to install libtheora.

    Type 'make check' to run test suite (Valgrind testing not enabled)

  Example programs will be built but not installed.
------------------------------------------------------------------------


## ---------------- ##
## Cache variables. ##
## ---------------- ##

ac_cv_build=x86_64-w64-mingw32
ac_cv_c_compiler_gnu=yes
ac_cv_env_CAIRO_CFLAGS_set=
ac_cv_env_CAIRO_CFLAGS_value=
ac_cv_env_CAIRO_LIBS_set=
ac_cv_env_CAIRO_LIBS_value=
ac_cv_env_CCASFLAGS_set=
ac_cv_env_CCASFLAGS_value=
ac_cv_env_CCAS_set=
ac_cv_env_CCAS_value=
ac_cv_env_CC_set=
ac_cv_env_CC_value=
ac_cv_env_CFLAGS_set=
ac_cv_env_CFLAGS_value=
ac_cv_env_CPPFLAGS_set=
ac_cv_env_CPPFLAGS_value=
ac_cv_env_CPP_set=
ac_cv_env_CPP_value=
ac_cv_env_LDFLAGS_set=
ac_cv_env_LDFLAGS_value=
ac_cv_env_LIBS_set=
ac_cv_env_LIBS_value=
ac_cv_env_OGG_CFLAGS_set=
ac_cv_env_OGG_CFLAGS_value=
ac_cv_env_OGG_LIBS_set=
ac_cv_env_OGG_LIBS_value=
ac_cv_env_PKG_CONFIG_set=
ac_cv_env_PKG_CONFIG_value=
ac_cv_env_PNG_CFLAGS_set=
ac_cv_env_PNG_CFLAGS_value=
ac_cv_env_PNG_LIBS_set=
ac_cv_env_PNG_LIBS_value=
ac_cv_env_SDL_CFLAGS_set=
ac_cv_env_SDL_CFLAGS_value=
ac_cv_env_SDL_LIBS_set=
ac_cv_env_SDL_LIBS_value=
ac_cv_env_VORBIS_CFLAGS_set=
ac_cv_env_VORBIS_CFLAGS_value=
ac_cv_env_VORBIS_LIBS_set=
ac_cv_env_VORBIS_LIBS_value=
ac_cv_env_build_alias_set=set
ac_cv_env_build_alias_value=x86_64-w64-mingw32
ac_cv_env_host_alias_set=
ac_cv_env_host_alias_value=
ac_cv_env_target_alias_set=
ac_cv_env_target_alias_value=
ac_cv_func_getopt_long=yes
ac_cv_header_dlfcn_h=yes
ac_cv_header_inttypes_h=yes
ac_cv_header_memory_h=yes
ac_cv_header_stdc=yes
ac_cv_header_stdint_h=yes
ac_cv_header_stdlib_h=yes
ac_cv_header_string_h=yes
ac_cv_header_strings_h=yes
ac_cv_header_sys_soundcard_h=yes
ac_cv_header_sys_stat_h=yes
ac_cv_header_sys_types_h=yes
ac_cv_header_unistd_h=yes
ac_cv_host=x86_64-w64-mingw32
ac_cv_objext=o
ac_cv_path_EGREP='/usr/bin/grep -E'
ac_cv_path_FGREP='/usr/bin/grep -F'
ac_cv_path_GREP=/usr/bin/grep
ac_cv_path_SED=/usr/bin/sed
ac_cv_path_ac_pt_PKG_CONFIG=/usr/bin/pkg-config
ac_cv_path_install='/usr/bin/install -c'
ac_cv_path_mkdir=/usr/bin/mkdir
ac_cv_prog_AWK=mawk
ac_cv_prog_CPP='gcc -E'
ac_cv_prog_HAVE_DOXYGEN=false
ac_cv_prog_HAVE_PKG_CONFIG=yes
ac_cv_prog_ac_ct_AR=ar
ac_cv_prog_ac_ct_AS=as
ac_cv_prog_ac_ct_CC=gcc
ac_cv_prog_ac_ct_OBJDUMP=objdump
ac_cv_prog_ac_ct_RANLIB=ranlib
ac_cv_prog_ac_ct_STRIP=strip
ac_cv_prog_cc_c89=
ac_cv_prog_cc_g=yes
ac_cv_prog_cc_gcc_c_o=yes
ac_cv_prog_make_make_set=yes
ac_cv_search_ftime='none required'
ac_cv_target=x86_64-w64-mingw32
am_cv_CCAS_dependencies_compiler_type=gcc3
am_cv_CC_dependencies_compiler_type=gcc3
lt_cv_deplibs_check_method='file_magic ^x86 archive import|^x86 DLL'
lt_cv_file_magic_cmd=func_win32_libid
lt_cv_file_magic_test_file=
lt_cv_ld_reload_flag=-r
lt_cv_nm_interface='BSD nm'
lt_cv_objdir=.libs
lt_cv_path_LD=/usr/bin/ld
lt_cv_path_NM='/usr/bin/nm -B'
lt_cv_prog_compiler_c_o=yes
lt_cv_prog_compiler_pic_works=yes
lt_cv_prog_compiler_rtti_exceptions=no
lt_cv_prog_compiler_static_works=yes
lt_cv_prog_gnu_ld=yes
lt_cv_sys_global_symbol_pipe='sed -n -e '\''s/^.*[	 ]\([ABCDGIRSTW][ABCDGIRSTW]*\)[	 ][	 ]*\([_A-Za-z][_A-Za-z0-9]*\)\{0,1\}$/\1 \2 \2/p'\'''
lt_cv_sys_global_symbol_to_c_name_address='sed -n -e '\''s/^: \([^ ]*\) $/  {\"\1\", (void *) 0},/p'\'' -e '\''s/^[ABCDGIRSTW]* \([^ ]*\) \([^ ]*\)$/  {"\2", (void *) \&\2},/p'\'''
lt_cv_sys_global_symbol_to_c_name_address_lib_prefix='sed -n -e '\''s/^: \([^ ]*\) $/  {\"\1\", (void *) 0},/p'\'' -e '\''s/^[ABCDGIRSTW]* \([^ ]*\) \(lib[^ ]*\)$/  {"\2", (void *) \&\2},/p'\'' -e '\''s/^[ABCDGIRSTW]* \([^ ]*\) \([^ ]*\)$/  {"lib\2", (void *) \&\2},/p'\'''
lt_cv_sys_global_symbol_to_cdecl='sed -n -e '\''s/^T .* \(.*\)$/extern int \1();/p'\'' -e '\''s/^[ABCDGIRSTW]* .* \(.*\)$/extern char \1;/p'\'''
lt_cv_sys_max_cmd_len=8192
pkg_cv_OGG_CFLAGS=-I/usr/local/include
pkg_cv_OGG_LIBS='-L/usr/local/lib -logg'
pkg_cv_VORBIS_CFLAGS=-I/usr/local/include
pkg_cv_VORBIS_LIBS='-L/usr/local/lib -lvorbis'

## ----------------- ##
## Output variables. ##
## ----------------- ##

ACLOCAL='${SHELL} /home/tide/Desktop/RSDKv5-Decompilation/dependencies/windows/libtheora/missing --run aclocal-1.11'
ACLOCAL_AMFLAGS='-I m4'
AMDEPBACKSLASH='\'
AMDEP_FALSE='#'
AMDEP_TRUE=''
AMTAR='${SHELL} /home/tide/Desktop/RSDKv5-Decompilation/dependencies/windows/libtheora/missing --run tar'
AM_BACKSLASH='\'
AM_DEFAULT_VERBOSITY='0'
AR='ar'
AS='as'
AUTOCONF='${SHELL} /home/tide/Desktop/RSDKv5-Decompilation/dependencies/windows/libtheora/missing --run autoconf'
AUTOHEADER='${SHELL} /home/tide/Desktop/RSDKv5-Decompilation/dependencies/windows/libtheora/missing --run autoheader'
AUTOMAKE='${SHELL} /home/tide/Desktop/RSDKv5-Decompilation/dependencies/windows/libtheora/missing --run automake-1.11'
AWK='mawk'
BINDIR='/usr/local/bin'
BUILDABLE_EXAMPLES=''
BUILD_SPEC_FALSE=''
BUILD_SPEC_TRUE='#'
CAIRO_CFLAGS=''
CAIRO_LIBS=''
CC='gcc'
CCAS='gcc'
CCASDEPMODE='depmode=gcc3'
CCASFLAGS='-g -O2'
CCDEPMODE='depmode=gcc3'
CFLAGS='-Wall -Wno-parentheses -O3 -fforce-addr -fomit-frame-pointer -finline-functions -funroll-loops -g -O2'
CPP='gcc -E'
CPPFLAGS=''
CPU_arm_FALSE=''
CPU_arm_TRUE='#'
CPU_c64x_FALSE=''
CPU_c64x_TRUE='#'
CPU_x86_32_FALSE=''
CPU_x86_32_TRUE='#'
CPU_x86_64_FALSE=''
CPU_x86_64_TRUE='#'
CYGPATH_W='echo'
DEBUG='-g -Wall -Wno-parentheses -DDEBUG -D__NO_MATH_INLINES'
DEFS='-DHAVE_CONFIG_H'
DEPDIR='.deps'
DLLTOOL='false'
DOCDIR='/usr/local/share/doc/libtheora'
DSYMUTIL=''
DUMPBIN=''
ECHO_C=''
ECHO_N='-n'
ECHO_T=''
EGREP='/usr/bin/grep -E'
EXEEXT=''
FGREP='/usr/bin/grep -F'
GETOPT_OBJS=''
GREP='/usr/bin/grep'
HAVE_ARM_ASM_EDSP=''
HAVE_ARM_ASM_MEDIA=''
HAVE_ARM_ASM_NEON=''
HAVE_BIBTEX=''
HAVE_DOXYGEN='false'
HAVE_DOXYGEN_FALSE=''
HAVE_DOXYGEN_TRUE='#'
HAVE_PDFLATEX=''
HAVE_PERL=''
HAVE_PKG_CONFIG='yes'
HAVE_TRANSFIG=''
HAVE_VALGRIND=''
INCLUDEDIR='/usr/local/include'
INSTALL_DATA='${INSTALL} -m 644'
INSTALL_PROGRAM='${INSTALL}'
INSTALL_SCRIPT='${INSTALL}'
INSTALL_STRIP_PROGRAM='$(install_sh) -c -s'
LD='/usr/bin/ld'
LDFLAGS=''
LIBDIR='/usr/local/lib'
LIBOBJS=''
LIBS=''
LIBTOOL='$(SHELL) $(top_builddir)/libtool'
LIPO=''
LN_S='ln -s'
LTLIBOBJS=''
MAKEINFO='${SHELL} /home/tide/Desktop/RSDKv5-Decompilation/dependencies/windows/libtheora/missing --run makeinfo'
MKDIR_P='/usr/bin/mkdir -p'
NM='/usr/bin/nm -B'
NMEDIT=''
OBJDUMP='objdump'
OBJEXT='o'
OGG_CFLAGS='-I/usr/local/include'
OGG_LIBS='-L/usr/local/lib -logg'
OSS_LIBS=''
OTOOL64=''
OTOOL=''
PACKAGE='libtheora'
PACKAGE_BUGREPORT=''
PACKAGE_NAME='libtheora'
PACKAGE_STRING='libtheora 1.2.0alpha1'
PACKAGE_TARNAME='libtheora'
PACKAGE_VERSION='1.2.0alpha1'
PATH_SEPARATOR=':'
PKG_CONFIG='/usr/bin/pkg-config'
PNG_CFLAGS=''
PNG_LIBS=''
PROFILE='-Wall -Wno-parentheses -pg -g -O3 -fno-inline-functions -DDEBUG'
RANLIB='ranlib'
SDL_CFLAGS=''
SDL_LIBS=''
SED='/usr/bin/sed'
SET_MAKE=''
SHELL='/bin/bash'
STRIP='strip'
THDEC_LIB_AGE='1'
THDEC_LIB_CURRENT='2'
THDEC_LIB_REVISION='5'
THENC_LIB_AGE='2'
THENC_LIB_CURRENT='3'
THENC_LIB_REVISION='0'
THEORADEC_LDFLAGS=' -no-undefined -export-symbols $(top_srcdir)/win32/xmingw32/libtheoradec-all.def'
THEORAENC_LDFLAGS=' -no-undefined -export-symbols $(top_srcdir)/win32/xmingw32/libtheoraenc-all.def -ltheoradec'
THEORA_DISABLE_ENCODE_FALSE='#'
THEORA_DISABLE_ENCODE_TRUE=''
THEORA_DISABLE_FLOAT_FALSE=''
THEORA_DISABLE_FLOAT_TRUE='#'
THEORA_ENABLE_EXAMPLES_FALSE=''
THEORA_ENABLE_EXAMPLES_TRUE='#'
THEORA_LDFLAGS=' -no-undefined '
TH_LIB_AGE='4'
TH_LIB_CURRENT='4'
TH_LIB_REVISION='0'
VALGRIND_ENVIRONMENT=''
VERSION='1.2.0alpha1'
VORBISENC_LIBS='-lvorbisenc'
VORBISFILE_LIBS=''
VORBIS_CFLAGS='-I/usr/local/include'
VORBIS_LIBS='-L/usr/local/lib -lvorbis'
ac_ct_CC='gcc'
ac_ct_DUMPBIN=''
am__EXEEXT_FALSE=''
am__EXEEXT_TRUE='#'
am__fastdepCCAS_FALSE='#'
am__fastdepCCAS_TRUE=''
am__fastdepCC_FALSE='#'
am__fastdepCC_TRUE=''
am__include='include'
am__isrc=''
am__leading_dot='.'
am__quote=''
am__tar='${AMTAR} chof - "$$tardir"'
am__untar='${AMTAR} xf -'
bindir='${exec_prefix}/bin'
build='x86_64-w64-mingw32'
build_alias='x86_64-w64-mingw32'
build_cpu='x86_64'
build_os='mingw32'
build_vendor='w64'
datadir='${datarootdir}'
datarootdir='${prefix}/share'
docdir='${datarootdir}/doc/${PACKAGE_TARNAME}'
dvidir='${docdir}'
exec_prefix='${prefix}'
host='x86_64-w64-mingw32'
host_alias=''
host_cpu='x86_64'
host_os='mingw32'
host_vendor='w64'
htmldir='${docdir}'
includedir='${prefix}/include'
infodir='${datarootdir}/info'
install_sh='${SHELL} /home/tide/Desktop/RSDKv5-Decompilation/dependencies/windows/libtheora/install-sh'
libdir='${exec_prefix}/lib'
libexecdir='${exec_prefix}/libexec'
localedir='${datarootdir}/locale'
localstatedir='${prefix}/var'
lt_ECHO='echo'
mandir='${datarootdir}/man'
mkdir_p='/usr/bin/mkdir -p'
oldincludedir='/usr/include'
pdfdir='${docdir}'
prefix='/usr/local'
program_transform_name='s,x,x,'
psdir='${docdir}'
sbindir='${exec_prefix}/sbin'
sharedstatedir='${prefix}/com'
sysconfdir='${prefix}/etc'
target='x86_64-w64-mingw32'
target_alias=''
target_cpu='x86_64'
target_os='mingw32'
target_vendor='w64'

## ----------- ##
## confdefs.h. ##
## ----------- ##

#define PACKAGE_NAME "libtheora"
#define PACKAGE_TARNAME "libtheora"
#define PACKAGE_VERSION "1.2.0alpha1"
#define PACKAGE_STRING "libtheora 1.2.0alpha1"
#define PACKAGE_BUGREPORT ""
#define PACKAGE "libtheora"
#define VERSION "1.2.0alpha1"
#define STDC_HEADERS 1
#define HAVE_SYS_TYPES_H 1
#define HAVE_SYS_STAT_H 1
#define HAVE_STDLIB_H 1
#define HAVE_STRING_H 1
#define HAVE_MEMORY_H 1
#define HAVE_STRINGS_H 1
#define HAVE_INTTYPES_H 1
#define HAVE_STDINT_H 1
#define HAVE_UNISTD_H 1
#define HAVE_DLFCN_H 1
#define LT_OBJDIR ".libs/"
#define HAVE_SYS_SOUNDCARD_H 1
#define THEORA_DISABLE_ENCODE /**/

configure: exit 0
